2024-01-05 14:11:58.233 [background-preinit] INFO  o.h.validator.internal.util.Version - HV000001: Hibernate Validator 6.1.5.Final
2024-01-05 14:11:58.250 [main] INFO  c.p.d.AustinDemoProjectApplication - Starting AustinDemoProjectApplication on zhangqizongdeMacBook-Pro.local with PID 85464 (/Users/zqz/zqzStudySpace/AustinDemoProject/target/classes started by zqz in /Users/zqz/zqzStudySpace/AustinDemoProject)
2024-01-05 14:11:58.251 [main] INFO  c.p.d.AustinDemoProjectApplication - The following profiles are active: dev
2024-01-05 14:11:59.302 [main] INFO  o.s.d.r.c.RepositoryConfigurationDelegate - Multiple Spring Data modules found, entering strict repository configuration mode!
2024-01-05 14:11:59.304 [main] INFO  o.s.d.r.c.RepositoryConfigurationDelegate - Bootstrapping Spring Data Redis repositories in DEFAULT mode.
2024-01-05 14:11:59.334 [main] INFO  o.s.d.r.c.RepositoryConfigurationDelegate - Finished Spring Data repository scanning in 17ms. Found 0 Redis repository interfaces.
2024-01-05 14:11:59.588 [main] WARN  o.m.s.mapper.ClassPathMapperScanner - No MyBatis mapper was found in '[com.**.mapper.master]' package. Please check your configuration.
2024-01-05 14:12:00.111 [main] INFO  o.s.b.w.e.tomcat.TomcatWebServer - Tomcat initialized with port(s): 8080 (http)
2024-01-05 14:12:00.118 [main] INFO  o.a.coyote.http11.Http11NioProtocol - Initializing ProtocolHandler ["http-nio-8080"]
2024-01-05 14:12:00.118 [main] INFO  o.a.catalina.core.StandardService - Starting service [Tomcat]
2024-01-05 14:12:00.118 [main] INFO  o.a.catalina.core.StandardEngine - Starting Servlet engine: [Apache Tomcat/9.0.38]
2024-01-05 14:12:00.209 [main] INFO  o.a.c.c.C.[.[localhost].[/dev] - Initializing Spring embedded WebApplicationContext
2024-01-05 14:12:00.209 [main] INFO  o.s.b.w.s.c.ServletWebServerApplicationContext - Root WebApplicationContext: initialization completed in 1887 ms
2024-01-05 14:12:00.269 [main] WARN  o.s.b.w.s.c.AnnotationConfigServletWebServerApplicationContext - Exception encountered during context initialization - cancelling refresh attempt: org.springframework.beans.factory.BeanCreationException: Error creating bean with name 'dataSourceConfig': Injection of resource dependencies failed; nested exception is org.springframework.beans.factory.NoSuchBeanDefinitionException: No qualifying bean of type 'com.alibaba.druid.filter.logging.LogFilter' available: expected at least 1 bean which qualifies as autowire candidate. Dependency annotations: {@javax.annotation.Resource(shareable=true, lookup=, name=, description=, authenticationType=CONTAINER, type=class java.lang.Object, mappedName=)}
2024-01-05 14:12:00.272 [main] INFO  o.a.catalina.core.StandardService - Stopping service [Tomcat]
2024-01-05 14:12:00.306 [main] INFO  o.s.b.a.l.ConditionEvaluationReportLoggingListener - 

Error starting ApplicationContext. To display the conditions report re-run your application with 'debug' enabled.
2024-01-05 14:12:00.543 [main] ERROR o.s.b.d.LoggingFailureAnalysisReporter - 

***************************
APPLICATION FAILED TO START
***************************

Description:

A component required a bean of type 'com.alibaba.druid.filter.logging.LogFilter' that could not be found.

The following candidates were found but could not be injected:
	- Bean method 'commonsLogFilter' in 'DruidFilterConfiguration' not loaded because @ConditionalOnProperty (spring.datasource.druid.filter.commons-log.enabled) did not find property 'enabled'
	- Bean method 'log4j2Filter' in 'DruidFilterConfiguration' not loaded because @ConditionalOnProperty (spring.datasource.druid.filter.log4j2.enabled) did not find property 'enabled'
	- Bean method 'log4jFilter' in 'DruidFilterConfiguration' not loaded because @ConditionalOnProperty (spring.datasource.druid.filter.log4j.enabled) did not find property 'enabled'
	- Bean method 'slf4jLogFilter' in 'DruidFilterConfiguration' not loaded because @ConditionalOnProperty (spring.datasource.druid.filter.slf4j.enabled) did not find property 'enabled'


Action:

Consider revisiting the entries above or defining a bean of type 'com.alibaba.druid.filter.logging.LogFilter' in your configuration.

2024-01-05 14:16:45.462 [background-preinit] INFO  o.h.validator.internal.util.Version - HV000001: Hibernate Validator 6.1.5.Final
2024-01-05 14:16:45.482 [main] INFO  c.p.d.AustinDemoProjectApplication - Starting AustinDemoProjectApplication on zhangqizongdeMacBook-Pro.local with PID 85514 (/Users/zqz/zqzStudySpace/AustinDemoProject/target/classes started by zqz in /Users/zqz/zqzStudySpace/AustinDemoProject)
2024-01-05 14:16:45.483 [main] INFO  c.p.d.AustinDemoProjectApplication - The following profiles are active: dev
2024-01-05 14:16:46.520 [main] INFO  o.s.d.r.c.RepositoryConfigurationDelegate - Multiple Spring Data modules found, entering strict repository configuration mode!
2024-01-05 14:16:46.522 [main] INFO  o.s.d.r.c.RepositoryConfigurationDelegate - Bootstrapping Spring Data Redis repositories in DEFAULT mode.
2024-01-05 14:16:46.559 [main] INFO  o.s.d.r.c.RepositoryConfigurationDelegate - Finished Spring Data repository scanning in 23ms. Found 0 Redis repository interfaces.
2024-01-05 14:16:46.776 [main] WARN  o.m.s.mapper.ClassPathMapperScanner - No MyBatis mapper was found in '[com.**.mapper.master]' package. Please check your configuration.
2024-01-05 14:16:47.321 [main] INFO  o.s.b.w.e.tomcat.TomcatWebServer - Tomcat initialized with port(s): 8080 (http)
2024-01-05 14:16:47.329 [main] INFO  o.a.coyote.http11.Http11NioProtocol - Initializing ProtocolHandler ["http-nio-8080"]
2024-01-05 14:16:47.329 [main] INFO  o.a.catalina.core.StandardService - Starting service [Tomcat]
2024-01-05 14:16:47.329 [main] INFO  o.a.catalina.core.StandardEngine - Starting Servlet engine: [Apache Tomcat/9.0.38]
2024-01-05 14:16:47.409 [main] INFO  o.a.c.c.C.[.[localhost].[/dev] - Initializing Spring embedded WebApplicationContext
2024-01-05 14:16:47.410 [main] INFO  o.s.b.w.s.c.ServletWebServerApplicationContext - Root WebApplicationContext: initialization completed in 1860 ms
2024-01-05 14:16:47.787 [main] WARN  c.b.m.e.s.MybatisSqlSessionFactoryBean - Property 'mapperLocations' was specified but matching resources are not found.
2024-01-05 14:16:48.003 [main] INFO  o.s.s.c.ThreadPoolTaskExecutor - Initializing ExecutorService 'applicationTaskExecutor'
2024-01-05 14:16:48.796 [main] INFO  o.a.coyote.http11.Http11NioProtocol - Starting ProtocolHandler ["http-nio-8080"]
2024-01-05 14:16:48.824 [main] INFO  o.s.b.w.e.tomcat.TomcatWebServer - Tomcat started on port(s): 8080 (http) with context path '/dev'
2024-01-05 14:16:48.842 [main] INFO  c.p.d.AustinDemoProjectApplication - Started AustinDemoProjectApplication in 3.849 seconds (JVM running for 4.647)
2024-01-05 14:17:28.605 [SpringContextShutdownHook] INFO  o.s.s.c.ThreadPoolTaskExecutor - Shutting down ExecutorService 'applicationTaskExecutor'
2024-01-05 14:17:28.607 [SpringContextShutdownHook] INFO  c.alibaba.druid.pool.DruidDataSource - {dataSource-0} closing ...
2024-01-05 14:17:31.705 [background-preinit] INFO  o.h.validator.internal.util.Version - HV000001: Hibernate Validator 6.1.5.Final
2024-01-05 14:17:31.725 [main] INFO  c.p.d.AustinDemoProjectApplication - Starting AustinDemoProjectApplication on zhangqizongdeMacBook-Pro.local with PID 85524 (/Users/zqz/zqzStudySpace/AustinDemoProject/target/classes started by zqz in /Users/zqz/zqzStudySpace/AustinDemoProject)
2024-01-05 14:17:31.726 [main] INFO  c.p.d.AustinDemoProjectApplication - The following profiles are active: dev
2024-01-05 14:17:38.548 [main] INFO  o.s.d.r.c.RepositoryConfigurationDelegate - Multiple Spring Data modules found, entering strict repository configuration mode!
2024-01-05 14:17:38.582 [main] INFO  o.s.d.r.c.RepositoryConfigurationDelegate - Bootstrapping Spring Data Redis repositories in DEFAULT mode.
2024-01-05 14:17:39.087 [main] INFO  o.s.d.r.c.RepositoryConfigurationDelegate - Finished Spring Data repository scanning in 241ms. Found 0 Redis repository interfaces.
2024-01-05 14:17:55.784 [main] WARN  o.m.s.mapper.ClassPathMapperScanner - No MyBatis mapper was found in '[com.**.mapper.master]' package. Please check your configuration.
2024-01-05 14:18:12.632 [main] INFO  o.s.b.w.e.tomcat.TomcatWebServer - Tomcat initialized with port(s): 8080 (http)
2024-01-05 14:18:12.839 [main] INFO  o.a.coyote.http11.Http11NioProtocol - Initializing ProtocolHandler ["http-nio-8080"]
2024-01-05 14:18:12.845 [main] INFO  o.a.catalina.core.StandardService - Starting service [Tomcat]
2024-01-05 14:18:12.849 [main] INFO  o.a.catalina.core.StandardEngine - Starting Servlet engine: [Apache Tomcat/9.0.38]
2024-01-05 14:18:15.810 [main] INFO  o.a.c.c.C.[.[localhost].[/dev] - Initializing Spring embedded WebApplicationContext
2024-01-05 14:18:15.813 [main] INFO  o.s.b.w.s.c.ServletWebServerApplicationContext - Root WebApplicationContext: initialization completed in 44011 ms
2024-01-05 14:19:00.663 [main] WARN  c.b.m.e.s.MybatisSqlSessionFactoryBean - Property 'mapperLocations' was specified but matching resources are not found.
2024-01-05 14:19:01.004 [main] INFO  o.s.s.c.ThreadPoolTaskExecutor - Initializing ExecutorService 'applicationTaskExecutor'
2024-01-05 14:19:05.152 [main] INFO  o.a.coyote.http11.Http11NioProtocol - Starting ProtocolHandler ["http-nio-8080"]
2024-01-05 14:19:05.180 [main] INFO  o.s.b.w.e.tomcat.TomcatWebServer - Tomcat started on port(s): 8080 (http) with context path '/dev'
2024-01-05 14:19:05.198 [main] INFO  c.p.d.AustinDemoProjectApplication - Started AustinDemoProjectApplication in 93.925 seconds (JVM running for 94.746)
2024-01-05 14:19:23.170 [SpringContextShutdownHook] INFO  o.s.s.c.ThreadPoolTaskExecutor - Shutting down ExecutorService 'applicationTaskExecutor'
2024-01-05 14:19:23.173 [SpringContextShutdownHook] INFO  c.alibaba.druid.pool.DruidDataSource - {dataSource-0} closing ...
2024-01-05 14:19:26.248 [background-preinit] INFO  o.h.validator.internal.util.Version - HV000001: Hibernate Validator 6.1.5.Final
2024-01-05 14:19:26.262 [main] INFO  c.p.d.AustinDemoProjectApplication - Starting AustinDemoProjectApplication on zhangqizongdeMacBook-Pro.local with PID 85541 (/Users/zqz/zqzStudySpace/AustinDemoProject/target/classes started by zqz in /Users/zqz/zqzStudySpace/AustinDemoProject)
2024-01-05 14:19:26.269 [main] INFO  c.p.d.AustinDemoProjectApplication - The following profiles are active: dev
2024-01-05 14:19:28.180 [main] INFO  o.s.d.r.c.RepositoryConfigurationDelegate - Multiple Spring Data modules found, entering strict repository configuration mode!
2024-01-05 14:19:28.188 [main] INFO  o.s.d.r.c.RepositoryConfigurationDelegate - Bootstrapping Spring Data Redis repositories in DEFAULT mode.
2024-01-05 14:19:28.281 [main] INFO  o.s.d.r.c.RepositoryConfigurationDelegate - Finished Spring Data repository scanning in 48ms. Found 0 Redis repository interfaces.
2024-01-05 14:19:30.936 [main] WARN  o.m.s.mapper.ClassPathMapperScanner - No MyBatis mapper was found in '[com.**.mapper.master]' package. Please check your configuration.
2024-01-05 14:19:33.800 [main] INFO  o.s.b.w.e.tomcat.TomcatWebServer - Tomcat initialized with port(s): 8080 (http)
2024-01-05 14:19:33.837 [main] INFO  o.a.coyote.http11.Http11NioProtocol - Initializing ProtocolHandler ["http-nio-8080"]
2024-01-05 14:19:33.838 [main] INFO  o.a.catalina.core.StandardService - Starting service [Tomcat]
2024-01-05 14:19:33.839 [main] INFO  o.a.catalina.core.StandardEngine - Starting Servlet engine: [Apache Tomcat/9.0.38]
2024-01-05 14:19:34.370 [main] INFO  o.a.c.c.C.[.[localhost].[/dev] - Initializing Spring embedded WebApplicationContext
2024-01-05 14:19:34.370 [main] INFO  o.s.b.w.s.c.ServletWebServerApplicationContext - Root WebApplicationContext: initialization completed in 8031 ms
